<?xml version="1.0" encoding="UTF-8"?>
<!-- Generated by org.testng.reporters.JUnitReportReporter -->
<testsuite hostname="vendskp52" name="SeleniumDemo.DemoWithTestNg" tests="1" failures="0" timestamp="17 Feb 2016 06:17:50 GMT" time="9.333" errors="0">
  <testcase name="Demo" time="9.333" classname="SeleniumDemo.DemoWithTestNg"/>
</testsuite> <!-- SeleniumDemo.DemoWithTestNg -->
